!SESSION 2009-05-23 17:58:49.831 -----------------------------------------------
eclipse.buildId=M20080911-1700
java.version=1.6.0_02
java.vendor=Sun Microsystems Inc.
BootLoader constants: OS=win32, ARCH=x86, WS=win32, NL=en_US
Framework arguments:  -product org.eclipse.platform.ide
Command-line arguments:  -product org.eclipse.platform.ide -data C:\dev\MYRND/../runtime-EclipseApplication -dev file:C:/dev/MYRND/.metadata/.plugins/org.eclipse.pde.core/Eclipse Application/dev.properties -os win32 -ws win32 -arch x86

!ENTRY org.eclipse.osgi 4 0 2009-05-23 17:58:52.393
!MESSAGE An error occurred while automatically activating bundle org.eclipse.equinox.app (23).
!STACK 0
org.osgi.framework.BundleException: Exception in org.eclipse.equinox.internal.app.Activator.start() of bundle org.eclipse.equinox.app.
	at org.eclipse.osgi.framework.internal.core.BundleContextImpl.startActivator(BundleContextImpl.java:1028)
	at org.eclipse.osgi.framework.internal.core.BundleContextImpl.start(BundleContextImpl.java:984)
	at org.eclipse.osgi.framework.internal.core.BundleHost.startWorker(BundleHost.java:346)
	at org.eclipse.osgi.framework.internal.core.AbstractBundle.start(AbstractBundle.java:265)
	at org.eclipse.osgi.framework.util.SecureAction.start(SecureAction.java:400)
	at org.eclipse.core.runtime.internal.adaptor.EclipseLazyStarter.postFindLocalClass(EclipseLazyStarter.java:111)
	at org.eclipse.osgi.baseadaptor.loader.ClasspathManager.findLocalClass(ClasspathManager.java:427)
	at org.eclipse.osgi.internal.baseadaptor.DefaultClassLoader.findLocalClass(DefaultClassLoader.java:193)
	at org.eclipse.osgi.framework.internal.core.BundleLoader.findLocalClass(BundleLoader.java:368)
	at org.eclipse.osgi.framework.internal.core.SingleSourcePackage.loadClass(SingleSourcePackage.java:33)
	at org.eclipse.osgi.framework.internal.core.BundleLoader.findClassInternal(BundleLoader.java:441)
	at org.eclipse.osgi.framework.internal.core.BundleLoader.findClass(BundleLoader.java:397)
	at org.eclipse.osgi.framework.internal.core.BundleLoader.findClass(BundleLoader.java:385)
	at org.eclipse.osgi.internal.baseadaptor.DefaultClassLoader.loadClass(DefaultClassLoader.java:87)
	at java.lang.ClassLoader.loadClass(Unknown Source)
	at java.lang.ClassLoader.loadClassInternal(Unknown Source)
	at org.eclipse.core.internal.runtime.PlatformActivator.startAppContainer(PlatformActivator.java:47)
	at org.eclipse.core.internal.runtime.PlatformActivator.start(PlatformActivator.java:32)
	at org.eclipse.osgi.framework.internal.core.BundleContextImpl$2.run(BundleContextImpl.java:1009)
	at java.security.AccessController.doPrivileged(Native Method)
	at org.eclipse.osgi.framework.internal.core.BundleContextImpl.startActivator(BundleContextImpl.java:1003)
	at org.eclipse.osgi.framework.internal.core.BundleContextImpl.start(BundleContextImpl.java:984)
	at org.eclipse.osgi.framework.internal.core.BundleHost.startWorker(BundleHost.java:346)
	at org.eclipse.osgi.framework.internal.core.AbstractBundle.resume(AbstractBundle.java:355)
	at org.eclipse.osgi.framework.internal.core.Framework.resumeBundle(Framework.java:1074)
	at org.eclipse.osgi.framework.internal.core.StartLevelManager.resumeBundles(StartLevelManager.java:616)
	at org.eclipse.osgi.framework.internal.core.StartLevelManager.incFWSL(StartLevelManager.java:508)
	at org.eclipse.osgi.framework.internal.core.StartLevelManager.doSetStartLevel(StartLevelManager.java:299)
	at org.eclipse.osgi.framework.internal.core.StartLevelManager.dispatchEvent(StartLevelManager.java:489)
	at org.eclipse.osgi.framework.eventmgr.EventManager.dispatchEvent(EventManager.java:211)
	at org.eclipse.osgi.framework.eventmgr.EventManager$EventThread.run(EventManager.java:321)
Caused by: java.lang.NullPointerException: Application ID must not be null!
	at org.osgi.service.application.ApplicationDescriptor.<init>(ApplicationDescriptor.java:129)
	at org.eclipse.equinox.internal.app.EclipseAppDescriptor.<init>(EclipseAppDescriptor.java:52)
	at org.eclipse.equinox.internal.app.EclipseAppContainer.createAppDescriptor(EclipseAppContainer.java:180)
	at org.eclipse.equinox.internal.app.EclipseAppContainer.registerAppDescriptors(EclipseAppContainer.java:266)
	at org.eclipse.equinox.internal.app.EclipseAppContainer.start(EclipseAppContainer.java:93)
	at org.eclipse.equinox.internal.app.Activator.addingService(Activator.java:134)
	at org.osgi.util.tracker.ServiceTracker$Tracked.trackAdding(ServiceTracker.java:1064)
	at org.osgi.util.tracker.ServiceTracker$Tracked.trackInitialServices(ServiceTracker.java:926)
	at org.osgi.util.tracker.ServiceTracker.open(ServiceTracker.java:330)
	at org.osgi.util.tracker.ServiceTracker.open(ServiceTracker.java:274)
	at org.eclipse.equinox.internal.app.Activator.start(Activator.java:56)
	at org.eclipse.osgi.framework.internal.core.BundleContextImpl$2.run(BundleContextImpl.java:1009)
	at java.security.AccessController.doPrivileged(Native Method)
	at org.eclipse.osgi.framework.internal.core.BundleContextImpl.startActivator(BundleContextImpl.java:1003)
	... 30 more
Root exception:
java.lang.NullPointerException: Application ID must not be null!
	at org.osgi.service.application.ApplicationDescriptor.<init>(ApplicationDescriptor.java:129)
	at org.eclipse.equinox.internal.app.EclipseAppDescriptor.<init>(EclipseAppDescriptor.java:52)
	at org.eclipse.equinox.internal.app.EclipseAppContainer.createAppDescriptor(EclipseAppContainer.java:180)
	at org.eclipse.equinox.internal.app.EclipseAppContainer.registerAppDescriptors(EclipseAppContainer.java:266)
	at org.eclipse.equinox.internal.app.EclipseAppContainer.start(EclipseAppContainer.java:93)
	at org.eclipse.equinox.internal.app.Activator.addingService(Activator.java:134)
	at org.osgi.util.tracker.ServiceTracker$Tracked.trackAdding(ServiceTracker.java:1064)
	at org.osgi.util.tracker.ServiceTracker$Tracked.trackInitialServices(ServiceTracker.java:926)
	at org.osgi.util.tracker.ServiceTracker.open(ServiceTracker.java:330)
	at org.osgi.util.tracker.ServiceTracker.open(ServiceTracker.java:274)
	at org.eclipse.equinox.internal.app.Activator.start(Activator.java:56)
	at org.eclipse.osgi.framework.internal.core.BundleContextImpl$2.run(BundleContextImpl.java:1009)
	at java.security.AccessController.doPrivileged(Native Method)
	at org.eclipse.osgi.framework.internal.core.BundleContextImpl.startActivator(BundleContextImpl.java:1003)
	at org.eclipse.osgi.framework.internal.core.BundleContextImpl.start(BundleContextImpl.java:984)
	at org.eclipse.osgi.framework.internal.core.BundleHost.startWorker(BundleHost.java:346)
	at org.eclipse.osgi.framework.internal.core.AbstractBundle.start(AbstractBundle.java:265)
	at org.eclipse.osgi.framework.util.SecureAction.start(SecureAction.java:400)
	at org.eclipse.core.runtime.internal.adaptor.EclipseLazyStarter.postFindLocalClass(EclipseLazyStarter.java:111)
	at org.eclipse.osgi.baseadaptor.loader.ClasspathManager.findLocalClass(ClasspathManager.java:427)
	at org.eclipse.osgi.internal.baseadaptor.DefaultClassLoader.findLocalClass(DefaultClassLoader.java:193)
	at org.eclipse.osgi.framework.internal.core.BundleLoader.findLocalClass(BundleLoader.java:368)
	at org.eclipse.osgi.framework.internal.core.SingleSourcePackage.loadClass(SingleSourcePackage.java:33)
	at org.eclipse.osgi.framework.internal.core.BundleLoader.findClassInternal(BundleLoader.java:441)
	at org.eclipse.osgi.framework.internal.core.BundleLoader.findClass(BundleLoader.java:397)
	at org.eclipse.osgi.framework.internal.core.BundleLoader.findClass(BundleLoader.java:385)
	at org.eclipse.osgi.internal.baseadaptor.DefaultClassLoader.loadClass(DefaultClassLoader.java:87)
	at java.lang.ClassLoader.loadClass(Unknown Source)
	at java.lang.ClassLoader.loadClassInternal(Unknown Source)
	at org.eclipse.core.internal.runtime.PlatformActivator.startAppContainer(PlatformActivator.java:47)
	at org.eclipse.core.internal.runtime.PlatformActivator.start(PlatformActivator.java:32)
	at org.eclipse.osgi.framework.internal.core.BundleContextImpl$2.run(BundleContextImpl.java:1009)
	at java.security.AccessController.doPrivileged(Native Method)
	at org.eclipse.osgi.framework.internal.core.BundleContextImpl.startActivator(BundleContextImpl.java:1003)
	at org.eclipse.osgi.framework.internal.core.BundleContextImpl.start(BundleContextImpl.java:984)
	at org.eclipse.osgi.framework.internal.core.BundleHost.startWorker(BundleHost.java:346)
	at org.eclipse.osgi.framework.internal.core.AbstractBundle.resume(AbstractBundle.java:355)
	at org.eclipse.osgi.framework.internal.core.Framework.resumeBundle(Framework.java:1074)
	at org.eclipse.osgi.framework.internal.core.StartLevelManager.resumeBundles(StartLevelManager.java:616)
	at org.eclipse.osgi.framework.internal.core.StartLevelManager.incFWSL(StartLevelManager.java:508)
	at org.eclipse.osgi.framework.internal.core.StartLevelManager.doSetStartLevel(StartLevelManager.java:299)
	at org.eclipse.osgi.framework.internal.core.StartLevelManager.dispatchEvent(StartLevelManager.java:489)
	at org.eclipse.osgi.framework.eventmgr.EventManager.dispatchEvent(EventManager.java:211)
	at org.eclipse.osgi.framework.eventmgr.EventManager$EventThread.run(EventManager.java:321)

!ENTRY org.eclipse.core.runtime 4 0 2009-05-23 17:58:52.393
!MESSAGE 
!STACK 0
org.osgi.framework.BundleException: Exception in org.eclipse.core.internal.runtime.PlatformActivator.start() of bundle org.eclipse.core.runtime.
	at org.eclipse.osgi.framework.internal.core.BundleContextImpl.startActivator(BundleContextImpl.java:1028)
	at org.eclipse.osgi.framework.internal.core.BundleContextImpl.start(BundleContextImpl.java:984)
	at org.eclipse.osgi.framework.internal.core.BundleHost.startWorker(BundleHost.java:346)
	at org.eclipse.osgi.framework.internal.core.AbstractBundle.resume(AbstractBundle.java:355)
	at org.eclipse.osgi.framework.internal.core.Framework.resumeBundle(Framework.java:1074)
	at org.eclipse.osgi.framework.internal.core.StartLevelManager.resumeBundles(StartLevelManager.java:616)
	at org.eclipse.osgi.framework.internal.core.StartLevelManager.incFWSL(StartLevelManager.java:508)
	at org.eclipse.osgi.framework.internal.core.StartLevelManager.doSetStartLevel(StartLevelManager.java:299)
	at org.eclipse.osgi.framework.internal.core.StartLevelManager.dispatchEvent(StartLevelManager.java:489)
	at org.eclipse.osgi.framework.eventmgr.EventManager.dispatchEvent(EventManager.java:211)
	at org.eclipse.osgi.framework.eventmgr.EventManager$EventThread.run(EventManager.java:321)
Caused by: java.lang.NoClassDefFoundError: org/eclipse/equinox/internal/app/CommandLineArgs
	at org.eclipse.core.internal.runtime.PlatformActivator.startAppContainer(PlatformActivator.java:47)
	at org.eclipse.core.internal.runtime.PlatformActivator.start(PlatformActivator.java:32)
	at org.eclipse.osgi.framework.internal.core.BundleContextImpl$2.run(BundleContextImpl.java:1009)
	at java.security.AccessController.doPrivileged(Native Method)
	at org.eclipse.osgi.framework.internal.core.BundleContextImpl.startActivator(BundleContextImpl.java:1003)
	... 10 more
Root exception:
java.lang.NoClassDefFoundError: org/eclipse/equinox/internal/app/CommandLineArgs
	at org.eclipse.core.internal.runtime.PlatformActivator.startAppContainer(PlatformActivator.java:47)
	at org.eclipse.core.internal.runtime.PlatformActivator.start(PlatformActivator.java:32)
	at org.eclipse.osgi.framework.internal.core.BundleContextImpl$2.run(BundleContextImpl.java:1009)
	at java.security.AccessController.doPrivileged(Native Method)
	at org.eclipse.osgi.framework.internal.core.BundleContextImpl.startActivator(BundleContextImpl.java:1003)
	at org.eclipse.osgi.framework.internal.core.BundleContextImpl.start(BundleContextImpl.java:984)
	at org.eclipse.osgi.framework.internal.core.BundleHost.startWorker(BundleHost.java:346)
	at org.eclipse.osgi.framework.internal.core.AbstractBundle.resume(AbstractBundle.java:355)
	at org.eclipse.osgi.framework.internal.core.Framework.resumeBundle(Framework.java:1074)
	at org.eclipse.osgi.framework.internal.core.StartLevelManager.resumeBundles(StartLevelManager.java:616)
	at org.eclipse.osgi.framework.internal.core.StartLevelManager.incFWSL(StartLevelManager.java:508)
	at org.eclipse.osgi.framework.internal.core.StartLevelManager.doSetStartLevel(StartLevelManager.java:299)
	at org.eclipse.osgi.framework.internal.core.StartLevelManager.dispatchEvent(StartLevelManager.java:489)
	at org.eclipse.osgi.framework.eventmgr.EventManager.dispatchEvent(EventManager.java:211)
	at org.eclipse.osgi.framework.eventmgr.EventManager$EventThread.run(EventManager.java:321)

!ENTRY org.eclipse.osgi 4 0 2009-05-23 17:58:52.393
!MESSAGE Application error
!STACK 1
java.lang.IllegalStateException: Unable to acquire application service. Ensure that the org.eclipse.core.runtime bundle is resolved and started (see config.ini).
	at org.eclipse.core.runtime.internal.adaptor.EclipseAppLauncher.start(EclipseAppLauncher.java:74)
	at org.eclipse.core.runtime.adaptor.EclipseStarter.run(EclipseStarter.java:386)
	at org.eclipse.core.runtime.adaptor.EclipseStarter.run(EclipseStarter.java:179)
	at sun.reflect.NativeMethodAccessorImpl.invoke0(Native Method)
	at sun.reflect.NativeMethodAccessorImpl.invoke(Unknown Source)
	at sun.reflect.DelegatingMethodAccessorImpl.invoke(Unknown Source)
	at java.lang.reflect.Method.invoke(Unknown Source)
	at org.eclipse.equinox.launcher.Main.invokeFramework(Main.java:549)
	at org.eclipse.equinox.launcher.Main.basicRun(Main.java:504)
	at org.eclipse.equinox.launcher.Main.run(Main.java:1236)
	at org.eclipse.equinox.launcher.Main.main(Main.java:1212)
